0 info it worked if it ends with ok
1 verbose cli [ '/Users/martinwiesmuller/.nvm/versions/node/v5.1.0/bin/node',
1 verbose cli   '/Users/martinwiesmuller/.nvm/versions/node/v5.1.0/bin/npm',
1 verbose cli   'run',
1 verbose cli   'deploy' ]
2 info using npm@3.5.3
3 info using node@v5.1.0
4 verbose run-script [ 'predeploy', 'deploy', 'postdeploy' ]
5 info lifecycle privateblog@1.0.0~predeploy: privateblog@1.0.0
6 silly lifecycle privateblog@1.0.0~predeploy: no script for predeploy, continuing
7 info lifecycle privateblog@1.0.0~deploy: privateblog@1.0.0
8 verbose lifecycle privateblog@1.0.0~deploy: unsafe-perm in lifecycle true
9 verbose lifecycle privateblog@1.0.0~deploy: PATH: /Users/martinwiesmuller/.nvm/versions/node/v5.1.0/lib/node_modules/npm/bin/node-gyp-bin:/Users/martinwiesmuller/privateshare/privateblog/node_modules/.bin:/Users/martinwiesmuller/.nvm/versions/node/v5.1.0/bin:/usr/local/bin:/usr/bin:/bin:/usr/sbin:/sbin:/usr/local/git/bin
10 verbose lifecycle privateblog@1.0.0~deploy: CWD: /Users/martinwiesmuller/privateshare/privateblog
11 silly lifecycle privateblog@1.0.0~deploy: Args: [ '-c',
11 silly lifecycle   'git push origin :gh-pages && git subtree push --prefix dist origin gh-pages' ]
12 silly lifecycle privateblog@1.0.0~deploy: Returned: code: 1  signal: null
13 info lifecycle privateblog@1.0.0~deploy: Failed to exec deploy script
14 verbose stack Error: privateblog@1.0.0 deploy: `git push origin :gh-pages && git subtree push --prefix dist origin gh-pages`
14 verbose stack Exit status 1
14 verbose stack     at EventEmitter.<anonymous> (/Users/martinwiesmuller/.nvm/versions/node/v5.1.0/lib/node_modules/npm/lib/utils/lifecycle.js:232:16)
14 verbose stack     at emitTwo (events.js:87:13)
14 verbose stack     at EventEmitter.emit (events.js:172:7)
14 verbose stack     at ChildProcess.<anonymous> (/Users/martinwiesmuller/.nvm/versions/node/v5.1.0/lib/node_modules/npm/lib/utils/spawn.js:24:14)
14 verbose stack     at emitTwo (events.js:87:13)
14 verbose stack     at ChildProcess.emit (events.js:172:7)
14 verbose stack     at maybeClose (internal/child_process.js:818:16)
14 verbose stack     at Process.ChildProcess._handle.onexit (internal/child_process.js:211:5)
15 verbose pkgid privateblog@1.0.0
16 verbose cwd /Users/martinwiesmuller/privateshare/privateblog
17 error Darwin 16.0.0
18 error argv "/Users/martinwiesmuller/.nvm/versions/node/v5.1.0/bin/node" "/Users/martinwiesmuller/.nvm/versions/node/v5.1.0/bin/npm" "run" "deploy"
19 error node v5.1.0
20 error npm  v3.5.3
21 error code ELIFECYCLE
22 error privateblog@1.0.0 deploy: `git push origin :gh-pages && git subtree push --prefix dist origin gh-pages`
22 error Exit status 1
23 error Failed at the privateblog@1.0.0 deploy script 'git push origin :gh-pages && git subtree push --prefix dist origin gh-pages'.
23 error Make sure you have the latest version of node.js and npm installed.
23 error If you do, this is most likely a problem with the privateblog package,
23 error not with npm itself.
23 error Tell the author that this fails on your system:
23 error     git push origin :gh-pages && git subtree push --prefix dist origin gh-pages
23 error You can get information on how to open an issue for this project with:
23 error     npm bugs privateblog
23 error Or if that isn't available, you can get their info via:
23 error     npm owner ls privateblog
23 error There is likely additional logging output above.
24 verbose exit [ 1, true ]
